2025-03-28 08:05:15,524 | INFO | Connecting to 127.0.0.1:7497 with clientId 1...
2025-03-28 08:05:15,525 | INFO | Connected
2025-03-28 08:05:15,530 | INFO | Logged on to server version 176
2025-03-28 08:05:15,536 | INFO | API connection ready
2025-03-28 08:05:15,538 | INFO | Warning 2104, reqId -1: Market data farm connection is OK:hfarm
2025-03-28 08:05:15,538 | INFO | Warning 2104, reqId -1: Market data farm connection is OK:usfarm.nj
2025-03-28 08:05:15,539 | INFO | Warning 2104, reqId -1: Market data farm connection is OK:jfarm
2025-03-28 08:05:15,539 | INFO | Warning 2104, reqId -1: Market data farm connection is OK:usfuture
2025-03-28 08:05:15,539 | INFO | Warning 2104, reqId -1: Market data farm connection is OK:cashfarm
2025-03-28 08:05:15,540 | INFO | Warning 2104, reqId -1: Market data farm connection is OK:eufarmnj
2025-03-28 08:05:15,540 | INFO | Warning 2104, reqId -1: Market data farm connection is OK:usfarm
2025-03-28 08:05:15,540 | INFO | Warning 2106, reqId -1: HMDS data farm connection is OK:euhmds
2025-03-28 08:05:15,540 | INFO | Warning 2106, reqId -1: HMDS data farm connection is OK:fundfarm
2025-03-28 08:05:15,540 | INFO | Warning 2106, reqId -1: HMDS data farm connection is OK:ushmds
2025-03-28 08:05:15,540 | INFO | Warning 2158, reqId -1: Sec-def data farm connection is OK:secdefnj
2025-03-28 08:05:15,540 | INFO | position: Position(account='DUK195410', contract=Stock(conId=265598, symbol='AAPL', exchange='NASDAQ', currency='USD', localSymbol='AAPL', tradingClass='NMS'), position=10.0, avgCost=220.470035)
2025-03-28 08:05:15,860 | INFO | updatePortfolio: PortfolioItem(contract=Stock(conId=265598, symbol='AAPL', right='0', primaryExchange='NASDAQ', currency='USD', localSymbol='AAPL', tradingClass='NMS'), position=10.0, marketPrice=220.15786745, marketValue=2201.58, averageCost=220.470035, unrealizedPNL=-3.12, realizedPNL=0.0, account='DUK195410')
2025-03-28 08:05:16,050 | INFO | execDetails Execution(execId='0000e0d5.67e64ab1.01.01', time=datetime.datetime(2025, 3, 28, 14, 50, 38, tzinfo=datetime.timezone.utc), acctNumber='DUK195410', exchange='IEX', side='BOT', shares=10.0, price=220.37, permId=1819888195, clientId=1, orderId=3, liquidation=0, cumQty=10.0, avgPrice=220.37, orderRef='', evRule='', evMultiplier=0.0, modelCode='', lastLiquidity=2)
2025-03-28 08:05:16,051 | INFO | commissionReport: CommissionReport(execId='0000e0d5.67e64ab1.01.01', commission=1.00035, currency='USD', realizedPNL=0.0, yield_=0.0, yieldRedemptionDate=0)
2025-03-28 08:05:16,051 | INFO | Synchronization complete
2025-03-28 08:05:16,053 | INFO | placeOrder: New order Trade(contract=Stock(symbol='AAPL', exchange='SMART', currency='USD'), order=MarketOrder(orderId=6, clientId=1, action='BUY', totalQuantity=10), orderStatus=OrderStatus(orderId=6, status='PendingSubmit', filled=0.0, remaining=0.0, avgFillPrice=0.0, permId=0, parentId=0, lastFillPrice=0.0, clientId=0, whyHeld='', mktCapPrice=0.0), fills=[], log=[TradeLogEntry(time=datetime.datetime(2025, 3, 28, 15, 5, 16, 53842, tzinfo=datetime.timezone.utc), status='PendingSubmit', message='', errorCode=0)], advancedError='')
2025-03-28 08:05:16,288 | INFO | orderStatus: Trade(contract=Stock(symbol='AAPL', exchange='SMART', currency='USD'), order=MarketOrder(orderId=6, clientId=1, permId=1819888197, action='BUY', totalQuantity=10.0, lmtPrice=0.0, auxPrice=0.0), orderStatus=OrderStatus(orderId=6, status='PreSubmitted', filled=0.0, remaining=10.0, avgFillPrice=0.0, permId=1819888197, parentId=0, lastFillPrice=0.0, clientId=1, whyHeld='', mktCapPrice=0.0), fills=[], log=[TradeLogEntry(time=datetime.datetime(2025, 3, 28, 15, 5, 16, 53842, tzinfo=datetime.timezone.utc), status='PendingSubmit', message='', errorCode=0), TradeLogEntry(time=datetime.datetime(2025, 3, 28, 15, 5, 16, 278570, tzinfo=datetime.timezone.utc), status='PreSubmitted', message='', errorCode=0)], advancedError='')
2025-03-28 08:05:16,290 | INFO | position: Position(account='DUK195410', contract=Stock(conId=265598, symbol='AAPL', exchange='NASDAQ', currency='USD', localSymbol='AAPL', tradingClass='NMS'), position=20.0, avgCost=220.1450175)
2025-03-28 08:05:16,290 | INFO | execDetails Execution(execId='0000e0d5.67e64e02.01.01', time=datetime.datetime(2025, 3, 28, 15, 5, 17, tzinfo=datetime.timezone.utc), acctNumber='DUK195410', exchange='IEX', side='BOT', shares=10.0, price=219.82, permId=1819888197, clientId=1, orderId=6, liquidation=0, cumQty=10.0, avgPrice=219.82, orderRef='', evRule='', evMultiplier=0.0, modelCode='', lastLiquidity=2)
2025-03-28 08:05:16,291 | INFO | execDetails: Fill(contract=Stock(conId=265598, symbol='AAPL', exchange='IEX', currency='USD', localSymbol='AAPL', tradingClass='NMS'), execution=Execution(execId='0000e0d5.67e64e02.01.01', time=datetime.datetime(2025, 3, 28, 15, 5, 17, tzinfo=datetime.timezone.utc), acctNumber='DUK195410', exchange='IEX', side='BOT', shares=10.0, price=219.82, permId=1819888197, clientId=1, orderId=6, liquidation=0, cumQty=10.0, avgPrice=219.82, orderRef='', evRule='', evMultiplier=0.0, modelCode='', lastLiquidity=2), commissionReport=CommissionReport(execId='', commission=0.0, currency='', realizedPNL=0.0, yield_=0.0, yieldRedemptionDate=0), time=datetime.datetime(2025, 3, 28, 15, 5, 16, 290008, tzinfo=datetime.timezone.utc))
2025-03-28 08:05:16,292 | INFO | orderStatus: Trade(contract=Stock(symbol='AAPL', exchange='SMART', currency='USD'), order=MarketOrder(orderId=6, clientId=1, permId=1819888197, action='BUY', totalQuantity=10.0, lmtPrice=0.0, auxPrice=0.0), orderStatus=OrderStatus(orderId=6, status='Filled', filled=10.0, remaining=0.0, avgFillPrice=219.82, permId=1819888197, parentId=0, lastFillPrice=219.82, clientId=1, whyHeld='', mktCapPrice=0.0), fills=[Fill(contract=Stock(conId=265598, symbol='AAPL', exchange='IEX', currency='USD', localSymbol='AAPL', tradingClass='NMS'), execution=Execution(execId='0000e0d5.67e64e02.01.01', time=datetime.datetime(2025, 3, 28, 15, 5, 17, tzinfo=datetime.timezone.utc), acctNumber='DUK195410', exchange='IEX', side='BOT', shares=10.0, price=219.82, permId=1819888197, clientId=1, orderId=6, liquidation=0, cumQty=10.0, avgPrice=219.82, orderRef='', evRule='', evMultiplier=0.0, modelCode='', lastLiquidity=2), commissionReport=CommissionReport(execId='', commission=0.0, currency='', realizedPNL=0.0, yield_=0.0, yieldRedemptionDate=0), time=datetime.datetime(2025, 3, 28, 15, 5, 16, 290008, tzinfo=datetime.timezone.utc))], log=[TradeLogEntry(time=datetime.datetime(2025, 3, 28, 15, 5, 16, 53842, tzinfo=datetime.timezone.utc), status='PendingSubmit', message='', errorCode=0), TradeLogEntry(time=datetime.datetime(2025, 3, 28, 15, 5, 16, 278570, tzinfo=datetime.timezone.utc), status='PreSubmitted', message='', errorCode=0), TradeLogEntry(time=datetime.datetime(2025, 3, 28, 15, 5, 16, 290008, tzinfo=datetime.timezone.utc), status='PreSubmitted', message='Fill 10.0@219.82', errorCode=0), TradeLogEntry(time=datetime.datetime(2025, 3, 28, 15, 5, 16, 290008, tzinfo=datetime.timezone.utc), status='Filled', message='', errorCode=0)], advancedError='')
2025-03-28 08:05:16,292 | INFO | commissionReport: CommissionReport(execId='0000e0d5.67e64e02.01.01', commission=1.00035, currency='USD', realizedPNL=0.0, yield_=0.0, yieldRedemptionDate=0)
2025-03-28 08:05:16,293 | INFO | position: Position(account='DUK195410', contract=Stock(conId=265598, symbol='AAPL', exchange='NASDAQ', currency='USD', localSymbol='AAPL', tradingClass='NMS'), position=20.0, avgCost=220.195035)
2025-03-28 08:05:17,314 | INFO | updatePortfolio: PortfolioItem(contract=Stock(conId=265598, symbol='AAPL', right='0', primaryExchange='NASDAQ', currency='USD', localSymbol='AAPL', tradingClass='NMS'), position=20.0, marketPrice=219.802063, marketValue=4396.04, averageCost=220.195035, unrealizedPNL=-7.86, realizedPNL=0.0, account='DUK195410')
2025-03-28 08:05:23,092 | INFO | Disconnecting from 127.0.0.1:7497, 302 B sent in 9 messages, 29.5 kB received in 566 messages, session time 7.57 s.
2025-03-28 08:05:23,093 | INFO | Disconnecting
